{
  "RSpec": {
    "coverage": {
      "/Users/timothyallen/turing/3module/projects/rails_engine/app/models/customer.rb": [
        1,
        1,
        null,
        1,
        1,
        null,
        51,
        null,
        1,
        null,
        null,
        null,
        null,
        null,
        2,
        null,
        null
      ],
      "/Users/timothyallen/turing/3module/projects/rails_engine/app/models/application_record.rb": [
        1,
        1,
        null
      ],
      "/Users/timothyallen/turing/3module/projects/rails_engine/app/models/invoice_item.rb": [
        1,
        1,
        1,
        null,
        1,
        1,
        1,
        1,
        null
      ],
      "/Users/timothyallen/turing/3module/projects/rails_engine/app/models/invoice.rb": [
        1,
        1,
        1,
        1,
        1,
        1,
        null,
        1,
        1,
        1,
        null
      ],
      "/Users/timothyallen/turing/3module/projects/rails_engine/app/models/item.rb": [
        1,
        1,
        1,
        1,
        null,
        1,
        1,
        1,
        1,
        null,
        1,
        null,
        null,
        null,
        null,
        null,
        2,
        null,
        null,
        1,
        null,
        null,
        null,
        null,
        null,
        2,
        null,
        null,
        1,
        null,
        null,
        null,
        null,
        null,
        2,
        null,
        null
      ],
      "/Users/timothyallen/turing/3module/projects/rails_engine/app/models/merchant.rb": [
        1,
        1,
        1,
        null,
        1,
        null,
        1,
        null,
        null,
        null,
        null,
        null,
        3,
        null,
        null,
        1,
        null,
        null,
        null,
        null,
        null,
        3,
        null,
        null,
        1,
        null,
        null,
        null,
        null,
        2,
        null,
        null,
        1,
        3,
        null,
        null,
        3,
        null,
        1,
        null,
        2,
        null,
        null,
        null,
        1,
        null,
        null,
        null,
        null,
        null,
        4,
        null,
        null,
        1,
        8,
        null,
        null
      ],
      "/Users/timothyallen/turing/3module/projects/rails_engine/app/models/transaction.rb": [
        1,
        1,
        null,
        1,
        1,
        1,
        null,
        24,
        null,
        167,
        null
      ],
      "/Users/timothyallen/turing/3module/projects/rails_engine/app/controllers/api/v1/favorite_merchant_controller.rb": [
        1,
        1,
        1,
        1,
        null,
        null
      ],
      "/Users/timothyallen/turing/3module/projects/rails_engine/app/controllers/application_controller.rb": [
        1,
        1,
        4,
        1,
        3,
        3,
        null,
        null,
        null
      ],
      "/Users/timothyallen/turing/3module/projects/rails_engine/app/serializers/merchant_serializer.rb": [
        1,
        1,
        1,
        null
      ],
      "/Users/timothyallen/turing/3module/projects/rails_engine/app/controllers/api/v1/transactions_controller.rb": [
        1,
        1,
        1,
        1,
        null,
        null
      ],
      "/Users/timothyallen/turing/3module/projects/rails_engine/app/serializers/transaction_serializer.rb": [
        1,
        1,
        1,
        null
      ],
      "/Users/timothyallen/turing/3module/projects/rails_engine/app/controllers/api/v1/invoice_items_controller.rb": [
        1,
        1,
        1,
        1,
        null,
        null
      ],
      "/Users/timothyallen/turing/3module/projects/rails_engine/app/serializers/invoice_item_serializer.rb": [
        1,
        1,
        1,
        null
      ],
      "/Users/timothyallen/turing/3module/projects/rails_engine/app/controllers/api/v1/items_controller.rb": [
        1,
        1,
        2,
        2,
        null,
        null
      ],
      "/Users/timothyallen/turing/3module/projects/rails_engine/app/serializers/item_serializer.rb": [
        1,
        1,
        1,
        null
      ],
      "/Users/timothyallen/turing/3module/projects/rails_engine/app/controllers/api/v1/customer_controller.rb": [
        1,
        1,
        1,
        1,
        null,
        null
      ],
      "/Users/timothyallen/turing/3module/projects/rails_engine/app/serializers/customer_serializer.rb": [
        1,
        1,
        1,
        null
      ],
      "/Users/timothyallen/turing/3module/projects/rails_engine/app/controllers/api/v1/merchant_controller.rb": [
        1,
        1,
        1,
        1,
        null,
        null
      ],
      "/Users/timothyallen/turing/3module/projects/rails_engine/app/controllers/api/v1/items/most_revenue_controller.rb": [
        1,
        1,
        1,
        null,
        null
      ],
      "/Users/timothyallen/turing/3module/projects/rails_engine/app/controllers/api/v1/items/most_items_controller.rb": [
        1,
        1,
        1,
        null,
        null
      ],
      "/Users/timothyallen/turing/3module/projects/rails_engine/app/controllers/api/v1/best_day_controller.rb": [
        1,
        1,
        1,
        1,
        null,
        null
      ],
      "/Users/timothyallen/turing/3module/projects/rails_engine/app/serializers/date_serializer.rb": [
        1,
        1,
        null,
        1,
        1,
        null,
        null
      ],
      "/Users/timothyallen/turing/3module/projects/rails_engine/app/controllers/api/v1/merchants_controller.rb": [
        1,
        1,
        1,
        null,
        null,
        1,
        1,
        null,
        null
      ],
      "/Users/timothyallen/turing/3module/projects/rails_engine/app/controllers/api/v1/merchants/search_controller.rb": [
        1,
        1,
        4,
        null,
        null,
        1,
        4,
        null,
        null,
        1,
        null,
        1,
        8,
        null,
        null
      ],
      "/Users/timothyallen/turing/3module/projects/rails_engine/app/controllers/api/v1/merchants/random_controller.rb": [
        1,
        1,
        2,
        null,
        null
      ],
      "/Users/timothyallen/turing/3module/projects/rails_engine/app/controllers/api/v1/invoices_controller.rb": [
        1,
        1,
        1,
        1,
        null,
        null
      ],
      "/Users/timothyallen/turing/3module/projects/rails_engine/app/serializers/invoice_serializer.rb": [
        1,
        1,
        1,
        null
      ],
      "/Users/timothyallen/turing/3module/projects/rails_engine/app/controllers/api/v1/merchants/most_revenue_controller.rb": [
        1,
        1,
        2,
        null,
        null
      ],
      "/Users/timothyallen/turing/3module/projects/rails_engine/app/controllers/api/v1/merchants/most_items_controller.rb": [
        1,
        1,
        2,
        null,
        null
      ],
      "/Users/timothyallen/turing/3module/projects/rails_engine/app/controllers/api/v1/merchants/revenue_controller.rb": [
        1,
        1,
        1,
        null,
        null
      ],
      "/Users/timothyallen/turing/3module/projects/rails_engine/app/serializers/revenue_serializer.rb": [
        1,
        1,
        null,
        1,
        3,
        null,
        null
      ],
      "/Users/timothyallen/turing/3module/projects/rails_engine/app/controllers/api/v1/revenue_controller.rb": [
        1,
        1,
        2,
        2,
        null,
        null
      ],
      "/Users/timothyallen/turing/3module/projects/rails_engine/app/controllers/api/v1/favorite_customer_controller.rb": [
        1,
        1,
        1,
        1,
        null,
        null
      ],
      "/Users/timothyallen/turing/3module/projects/rails_engine/app/controllers/api/v1/pending_invoices_controller.rb": [
        1,
        1,
        1,
        1,
        null,
        null
      ],
      "/Users/timothyallen/turing/3module/projects/rails_engine/app/mailers/application_mailer.rb": [
        0,
        0,
        0,
        0
      ],
      "/Users/timothyallen/turing/3module/projects/rails_engine/app/jobs/application_job.rb": [
        0,
        0
      ],
      "/Users/timothyallen/turing/3module/projects/rails_engine/app/channels/application_cable/connection.rb": [
        0,
        0,
        0,
        0
      ],
      "/Users/timothyallen/turing/3module/projects/rails_engine/app/channels/application_cable/channel.rb": [
        0,
        0,
        0,
        0
      ]
    },
    "timestamp": 1552667694
  }
}
